{"total": {"lines":{"total":1011,"covered":658,"skipped":0,"pct":65.08},"statements":{"total":1022,"covered":667,"skipped":0,"pct":65.26},"functions":{"total":217,"covered":143,"skipped":0,"pct":65.89},"branches":{"total":587,"covered":311,"skipped":0,"pct":52.98},"branchesTrue":{"total":0,"covered":0,"skipped":0,"pct":100}}
,"/Users/alexeyromanov/WMExt/react-native-mathlive/src/App.js": {"lines":{"total":2,"covered":2,"skipped":0,"pct":100},"functions":{"total":1,"covered":1,"skipped":0,"pct":100},"statements":{"total":2,"covered":2,"skipped":0,"pct":100},"branches":{"total":0,"covered":0,"skipped":0,"pct":100}}
,"/Users/alexeyromanov/WMExt/react-native-mathlive/src/components/styled/Text.js": {"lines":{"total":2,"covered":2,"skipped":0,"pct":100},"functions":{"total":1,"covered":1,"skipped":0,"pct":100},"statements":{"total":2,"covered":2,"skipped":0,"pct":100},"branches":{"total":0,"covered":0,"skipped":0,"pct":100}}
,"/Users/alexeyromanov/WMExt/react-native-mathlive/src/contexts/uiColors.js": {"lines":{"total":1,"covered":1,"skipped":0,"pct":100},"functions":{"total":0,"covered":0,"skipped":0,"pct":100},"statements":{"total":1,"covered":1,"skipped":0,"pct":100},"branches":{"total":0,"covered":0,"skipped":0,"pct":100}}
,"/Users/alexeyromanov/WMExt/react-native-mathlive/src/contexts/keyboard/KeyboardContext.js": {"lines":{"total":17,"covered":11,"skipped":0,"pct":64.7},"functions":{"total":8,"covered":1,"skipped":0,"pct":12.5},"statements":{"total":17,"covered":11,"skipped":0,"pct":64.7},"branches":{"total":12,"covered":6,"skipped":0,"pct":50}}
,"/Users/alexeyromanov/WMExt/react-native-mathlive/src/contexts/keyboard/commands.js": {"lines":{"total":56,"covered":10,"skipped":0,"pct":17.85},"functions":{"total":8,"covered":1,"skipped":0,"pct":12.5},"statements":{"total":56,"covered":10,"skipped":0,"pct":17.85},"branches":{"total":34,"covered":0,"skipped":0,"pct":0}}
,"/Users/alexeyromanov/WMExt/react-native-mathlive/src/contexts/keyboard/defaultKeyboard.js": {"lines":{"total":2,"covered":2,"skipped":0,"pct":100},"functions":{"total":0,"covered":0,"skipped":0,"pct":100},"statements":{"total":2,"covered":2,"skipped":0,"pct":100},"branches":{"total":0,"covered":0,"skipped":0,"pct":100}}
,"/Users/alexeyromanov/WMExt/react-native-mathlive/src/contexts/mathfield/MathfieldContext.js": {"lines":{"total":7,"covered":7,"skipped":0,"pct":100},"functions":{"total":3,"covered":1,"skipped":0,"pct":33.33},"statements":{"total":7,"covered":7,"skipped":0,"pct":100},"branches":{"total":0,"covered":0,"skipped":0,"pct":100}}
,"/Users/alexeyromanov/WMExt/react-native-mathlive/src/core/atom.js": {"lines":{"total":184,"covered":57,"skipped":0,"pct":30.97},"functions":{"total":45,"covered":20,"skipped":0,"pct":44.44},"statements":{"total":187,"covered":60,"skipped":0,"pct":32.08},"branches":{"total":104,"covered":44,"skipped":0,"pct":42.3}}
,"/Users/alexeyromanov/WMExt/react-native-mathlive/src/core/context-utils.js": {"lines":{"total":12,"covered":8,"skipped":0,"pct":66.66},"functions":{"total":2,"covered":2,"skipped":0,"pct":100},"statements":{"total":12,"covered":8,"skipped":0,"pct":66.66},"branches":{"total":10,"covered":5,"skipped":0,"pct":50}}
,"/Users/alexeyromanov/WMExt/react-native-mathlive/src/core/parser.js": {"lines":{"total":227,"covered":157,"skipped":0,"pct":69.16},"functions":{"total":34,"covered":28,"skipped":0,"pct":82.35},"statements":{"total":229,"covered":158,"skipped":0,"pct":68.99},"branches":{"total":135,"covered":77,"skipped":0,"pct":57.03}}
,"/Users/alexeyromanov/WMExt/react-native-mathlive/src/core/tokenizer.js": {"lines":{"total":109,"covered":77,"skipped":0,"pct":70.64},"functions":{"total":9,"covered":9,"skipped":0,"pct":100},"statements":{"total":109,"covered":77,"skipped":0,"pct":70.64},"branches":{"total":95,"covered":53,"skipped":0,"pct":55.78}}
,"/Users/alexeyromanov/WMExt/react-native-mathlive/src/core-atoms/error.js": {"lines":{"total":5,"covered":0,"skipped":0,"pct":0},"functions":{"total":4,"covered":0,"skipped":0,"pct":0},"statements":{"total":5,"covered":0,"skipped":0,"pct":0},"branches":{"total":0,"covered":0,"skipped":0,"pct":100}}
,"/Users/alexeyromanov/WMExt/react-native-mathlive/src/core-atoms/genfrac.js": {"lines":{"total":16,"covered":15,"skipped":0,"pct":93.75},"functions":{"total":8,"covered":7,"skipped":0,"pct":87.5},"statements":{"total":16,"covered":15,"skipped":0,"pct":93.75},"branches":{"total":6,"covered":4,"skipped":0,"pct":66.66}}
,"/Users/alexeyromanov/WMExt/react-native-mathlive/src/core-atoms/group.js": {"lines":{"total":21,"covered":20,"skipped":0,"pct":95.23},"functions":{"total":7,"covered":6,"skipped":0,"pct":85.71},"statements":{"total":21,"covered":20,"skipped":0,"pct":95.23},"branches":{"total":10,"covered":6,"skipped":0,"pct":60}}
,"/Users/alexeyromanov/WMExt/react-native-mathlive/src/core-atoms/phantom.js": {"lines":{"total":24,"covered":19,"skipped":0,"pct":79.16},"functions":{"total":6,"covered":5,"skipped":0,"pct":83.33},"statements":{"total":24,"covered":19,"skipped":0,"pct":79.16},"branches":{"total":22,"covered":15,"skipped":0,"pct":68.18}}
,"/Users/alexeyromanov/WMExt/react-native-mathlive/src/core-atoms/placeholder.js": {"lines":{"total":24,"covered":19,"skipped":0,"pct":79.16},"functions":{"total":8,"covered":5,"skipped":0,"pct":62.5},"statements":{"total":25,"covered":19,"skipped":0,"pct":76},"branches":{"total":18,"covered":12,"skipped":0,"pct":66.66}}
,"/Users/alexeyromanov/WMExt/react-native-mathlive/src/core-atoms/sqrt.js": {"lines":{"total":22,"covered":19,"skipped":0,"pct":86.36},"functions":{"total":9,"covered":7,"skipped":0,"pct":77.77},"statements":{"total":22,"covered":19,"skipped":0,"pct":86.36},"branches":{"total":16,"covered":13,"skipped":0,"pct":81.25}}
,"/Users/alexeyromanov/WMExt/react-native-mathlive/src/core-atoms/text.js": {"lines":{"total":13,"covered":10,"skipped":0,"pct":76.92},"functions":{"total":7,"covered":5,"skipped":0,"pct":71.42},"statements":{"total":13,"covered":10,"skipped":0,"pct":76.92},"branches":{"total":4,"covered":2,"skipped":0,"pct":50}}
,"/Users/alexeyromanov/WMExt/react-native-mathlive/src/core-definitions/index.js": {"lines":{"total":0,"covered":0,"skipped":0,"pct":100},"functions":{"total":0,"covered":0,"skipped":0,"pct":100},"statements":{"total":0,"covered":0,"skipped":0,"pct":100},"branches":{"total":0,"covered":0,"skipped":0,"pct":100}}
,"/Users/alexeyromanov/WMExt/react-native-mathlive/src/core-definitions/definitions/functions.js": {"lines":{"total":12,"covered":8,"skipped":0,"pct":66.66},"functions":{"total":2,"covered":2,"skipped":0,"pct":100},"statements":{"total":12,"covered":8,"skipped":0,"pct":66.66},"branches":{"total":7,"covered":2,"skipped":0,"pct":28.57}}
,"/Users/alexeyromanov/WMExt/react-native-mathlive/src/core-definitions/definitions/index.js": {"lines":{"total":0,"covered":0,"skipped":0,"pct":100},"functions":{"total":0,"covered":0,"skipped":0,"pct":100},"statements":{"total":0,"covered":0,"skipped":0,"pct":100},"branches":{"total":0,"covered":0,"skipped":0,"pct":100}}
,"/Users/alexeyromanov/WMExt/react-native-mathlive/src/core-definitions/definitions/styling.js": {"lines":{"total":8,"covered":5,"skipped":0,"pct":62.5},"functions":{"total":4,"covered":1,"skipped":0,"pct":25},"statements":{"total":8,"covered":5,"skipped":0,"pct":62.5},"branches":{"total":0,"covered":0,"skipped":0,"pct":100}}
,"/Users/alexeyromanov/WMExt/react-native-mathlive/src/core-definitions/definitions/symbols.js": {"lines":{"total":1,"covered":1,"skipped":0,"pct":100},"functions":{"total":0,"covered":0,"skipped":0,"pct":100},"statements":{"total":1,"covered":1,"skipped":0,"pct":100},"branches":{"total":0,"covered":0,"skipped":0,"pct":100}}
,"/Users/alexeyromanov/WMExt/react-native-mathlive/src/core-definitions/utils/functions.js": {"lines":{"total":27,"covered":26,"skipped":0,"pct":96.29},"functions":{"total":3,"covered":3,"skipped":0,"pct":100},"statements":{"total":29,"covered":28,"skipped":0,"pct":96.55},"branches":{"total":14,"covered":12,"skipped":0,"pct":85.71}}
,"/Users/alexeyromanov/WMExt/react-native-mathlive/src/core-definitions/utils/index.js": {"lines":{"total":0,"covered":0,"skipped":0,"pct":100},"functions":{"total":0,"covered":0,"skipped":0,"pct":100},"statements":{"total":0,"covered":0,"skipped":0,"pct":100},"branches":{"total":0,"covered":0,"skipped":0,"pct":100}}
,"/Users/alexeyromanov/WMExt/react-native-mathlive/src/core-definitions/utils/symbols.js": {"lines":{"total":7,"covered":6,"skipped":0,"pct":85.71},"functions":{"total":2,"covered":2,"skipped":0,"pct":100},"statements":{"total":7,"covered":6,"skipped":0,"pct":85.71},"branches":{"total":5,"covered":2,"skipped":0,"pct":40}}
,"/Users/alexeyromanov/WMExt/react-native-mathlive/src/editor/atom-to-ascii-math.js": {"lines":{"total":94,"covered":66,"skipped":0,"pct":70.21},"functions":{"total":2,"covered":2,"skipped":0,"pct":100},"statements":{"total":94,"covered":66,"skipped":0,"pct":70.21},"branches":{"total":57,"covered":31,"skipped":0,"pct":54.38}}
,"/Users/alexeyromanov/WMExt/react-native-mathlive/src/editor/keyboard/index.native.js": {"lines":{"total":7,"covered":6,"skipped":0,"pct":85.71},"functions":{"total":4,"covered":2,"skipped":0,"pct":50},"statements":{"total":7,"covered":6,"skipped":0,"pct":85.71},"branches":{"total":0,"covered":0,"skipped":0,"pct":100}}
,"/Users/alexeyromanov/WMExt/react-native-mathlive/src/editor/keyboard/keyboard.js": {"lines":{"total":10,"covered":10,"skipped":0,"pct":100},"functions":{"total":3,"covered":3,"skipped":0,"pct":100},"statements":{"total":10,"covered":10,"skipped":0,"pct":100},"branches":{"total":0,"covered":0,"skipped":0,"pct":100}}
,"/Users/alexeyromanov/WMExt/react-native-mathlive/src/editor/keyboard/labelsPanel.js": {"lines":{"total":19,"covered":18,"skipped":0,"pct":94.73},"functions":{"total":6,"covered":5,"skipped":0,"pct":83.33},"statements":{"total":19,"covered":18,"skipped":0,"pct":94.73},"branches":{"total":4,"covered":2,"skipped":0,"pct":50}}
,"/Users/alexeyromanov/WMExt/react-native-mathlive/src/editor/keyboard/layer/index.js": {"lines":{"total":5,"covered":5,"skipped":0,"pct":100},"functions":{"total":3,"covered":3,"skipped":0,"pct":100},"statements":{"total":5,"covered":5,"skipped":0,"pct":100},"branches":{"total":0,"covered":0,"skipped":0,"pct":100}}
,"/Users/alexeyromanov/WMExt/react-native-mathlive/src/editor/keyboard/layer/key.js": {"lines":{"total":46,"covered":41,"skipped":0,"pct":89.13},"functions":{"total":15,"covered":9,"skipped":0,"pct":60},"statements":{"total":47,"covered":42,"skipped":0,"pct":89.36},"branches":{"total":20,"covered":17,"skipped":0,"pct":85}}
,"/Users/alexeyromanov/WMExt/react-native-mathlive/src/editor/mathfield/index.js": {"lines":{"total":18,"covered":17,"skipped":0,"pct":94.44},"functions":{"total":8,"covered":7,"skipped":0,"pct":87.5},"statements":{"total":20,"covered":19,"skipped":0,"pct":95},"branches":{"total":6,"covered":4,"skipped":0,"pct":66.66}}
,"/Users/alexeyromanov/WMExt/react-native-mathlive/src/editor/mathfield/testDefaultValue.js": {"lines":{"total":8,"covered":8,"skipped":0,"pct":100},"functions":{"total":3,"covered":3,"skipped":0,"pct":100},"statements":{"total":8,"covered":8,"skipped":0,"pct":100},"branches":{"total":0,"covered":0,"skipped":0,"pct":100}}
,"/Users/alexeyromanov/WMExt/react-native-mathlive/src/styles/defaults.js": {"lines":{"total":2,"covered":2,"skipped":0,"pct":100},"functions":{"total":0,"covered":0,"skipped":0,"pct":100},"statements":{"total":2,"covered":2,"skipped":0,"pct":100},"branches":{"total":0,"covered":0,"skipped":0,"pct":100}}
,"/Users/alexeyromanov/WMExt/react-native-mathlive/src/styles/shadow.js": {"lines":{"total":3,"covered":3,"skipped":0,"pct":100},"functions":{"total":2,"covered":2,"skipped":0,"pct":100},"statements":{"total":3,"covered":3,"skipped":0,"pct":100},"branches":{"total":8,"covered":4,"skipped":0,"pct":50}}
}
