{"total": {"lines":{"total":124,"covered":109,"skipped":0,"pct":87.9},"statements":{"total":124,"covered":109,"skipped":0,"pct":87.9},"functions":{"total":45,"covered":26,"skipped":0,"pct":57.77},"branches":{"total":30,"covered":21,"skipped":0,"pct":70},"branchesTrue":{"total":0,"covered":0,"skipped":0,"pct":100}}
,"C:\\Users\\User\\PycharmProjects\\math\\react-native-mathlive\\src\\App.js": {"lines":{"total":2,"covered":2,"skipped":0,"pct":100},"functions":{"total":1,"covered":1,"skipped":0,"pct":100},"statements":{"total":2,"covered":2,"skipped":0,"pct":100},"branches":{"total":0,"covered":0,"skipped":0,"pct":100}}
,"C:\\Users\\User\\PycharmProjects\\math\\react-native-mathlive\\src\\contexts\\MathfieldContext.js": {"lines":{"total":7,"covered":5,"skipped":0,"pct":71.42},"functions":{"total":4,"covered":1,"skipped":0,"pct":25},"statements":{"total":7,"covered":5,"skipped":0,"pct":71.42},"branches":{"total":0,"covered":0,"skipped":0,"pct":100}}
,"C:\\Users\\User\\PycharmProjects\\math\\react-native-mathlive\\src\\contexts\\ThemeContext.js": {"lines":{"total":6,"covered":6,"skipped":0,"pct":100},"functions":{"total":1,"covered":1,"skipped":0,"pct":100},"statements":{"total":6,"covered":6,"skipped":0,"pct":100},"branches":{"total":0,"covered":0,"skipped":0,"pct":100}}
,"C:\\Users\\User\\PycharmProjects\\math\\react-native-mathlive\\src\\contexts\\keyboard\\KeyboardContext.js": {"lines":{"total":10,"covered":7,"skipped":0,"pct":70},"functions":{"total":8,"covered":1,"skipped":0,"pct":12.5},"statements":{"total":10,"covered":7,"skipped":0,"pct":70},"branches":{"total":0,"covered":0,"skipped":0,"pct":100}}
,"C:\\Users\\User\\PycharmProjects\\math\\react-native-mathlive\\src\\contexts\\keyboard\\defaultKeyboard.js": {"lines":{"total":2,"covered":2,"skipped":0,"pct":100},"functions":{"total":0,"covered":0,"skipped":0,"pct":100},"statements":{"total":2,"covered":2,"skipped":0,"pct":100},"branches":{"total":0,"covered":0,"skipped":0,"pct":100}}
,"C:\\Users\\User\\PycharmProjects\\math\\react-native-mathlive\\src\\editor\\keyboard\\index.native.js": {"lines":{"total":7,"covered":7,"skipped":0,"pct":100},"functions":{"total":2,"covered":2,"skipped":0,"pct":100},"statements":{"total":7,"covered":7,"skipped":0,"pct":100},"branches":{"total":2,"covered":1,"skipped":0,"pct":50}}
,"C:\\Users\\User\\PycharmProjects\\math\\react-native-mathlive\\src\\editor\\keyboard\\keyboard.js": {"lines":{"total":11,"covered":11,"skipped":0,"pct":100},"functions":{"total":3,"covered":3,"skipped":0,"pct":100},"statements":{"total":11,"covered":11,"skipped":0,"pct":100},"branches":{"total":0,"covered":0,"skipped":0,"pct":100}}
,"C:\\Users\\User\\PycharmProjects\\math\\react-native-mathlive\\src\\editor\\keyboard\\labelsPanel.js": {"lines":{"total":21,"covered":20,"skipped":0,"pct":95.23},"functions":{"total":6,"covered":5,"skipped":0,"pct":83.33},"statements":{"total":21,"covered":20,"skipped":0,"pct":95.23},"branches":{"total":4,"covered":3,"skipped":0,"pct":75}}
,"C:\\Users\\User\\PycharmProjects\\math\\react-native-mathlive\\src\\editor\\keyboard\\layer\\index.js": {"lines":{"total":5,"covered":5,"skipped":0,"pct":100},"functions":{"total":3,"covered":3,"skipped":0,"pct":100},"statements":{"total":5,"covered":5,"skipped":0,"pct":100},"branches":{"total":0,"covered":0,"skipped":0,"pct":100}}
,"C:\\Users\\User\\PycharmProjects\\math\\react-native-mathlive\\src\\editor\\keyboard\\layer\\key.js": {"lines":{"total":37,"covered":31,"skipped":0,"pct":83.78},"functions":{"total":11,"covered":5,"skipped":0,"pct":45.45},"statements":{"total":37,"covered":31,"skipped":0,"pct":83.78},"branches":{"total":12,"covered":11,"skipped":0,"pct":91.66}}
,"C:\\Users\\User\\PycharmProjects\\math\\react-native-mathlive\\src\\editor\\mathfield\\index.js": {"lines":{"total":12,"covered":9,"skipped":0,"pct":75},"functions":{"total":4,"covered":2,"skipped":0,"pct":50},"statements":{"total":12,"covered":9,"skipped":0,"pct":75},"branches":{"total":4,"covered":2,"skipped":0,"pct":50}}
,"C:\\Users\\User\\PycharmProjects\\math\\react-native-mathlive\\src\\styles\\shadow.js": {"lines":{"total":4,"covered":4,"skipped":0,"pct":100},"functions":{"total":2,"covered":2,"skipped":0,"pct":100},"statements":{"total":4,"covered":4,"skipped":0,"pct":100},"branches":{"total":8,"covered":4,"skipped":0,"pct":50}}
}
