TN:
SF:src/App.js
FN:7,(anonymous_0)
FNF:1
FNH:1
FNDA:1,(anonymous_0)
DA:7,1
DA:8,1
LF:2
LH:2
BRF:0
BRH:0
end_of_record
TN:
SF:src/components/styled/Text.js
FN:5,(anonymous_0)
FNF:1
FNH:1
FNDA:48,(anonymous_0)
DA:5,1
DA:6,48
LF:2
LH:2
BRF:0
BRH:0
end_of_record
TN:
SF:src/contexts/uiColors.js
FNF:0
FNH:0
DA:1,1
LF:1
LH:1
BRF:0
BRH:0
end_of_record
TN:
SF:src/contexts/keyboard/KeyboardContext.js
FN:8,(anonymous_0)
FN:9,(anonymous_1)
FN:10,(anonymous_2)
FN:15,(anonymous_3)
FN:18,(anonymous_4)
FN:39,(anonymous_5)
FN:43,(anonymous_6)
FN:47,(anonymous_7)
FNF:8
FNH:1
FNDA:0,(anonymous_0)
FNDA:0,(anonymous_1)
FNDA:0,(anonymous_2)
FNDA:0,(anonymous_3)
FNDA:2,(anonymous_4)
FNDA:0,(anonymous_5)
FNDA:0,(anonymous_6)
FNDA:0,(anonymous_7)
DA:6,1
DA:18,1
DA:19,2
DA:20,2
DA:26,2
DA:28,2
DA:31,2
DA:34,2
DA:35,2
DA:37,2
DA:40,0
DA:41,0
DA:44,0
DA:45,0
DA:48,0
DA:49,0
DA:58,2
LF:17
LH:11
BRDA:11,0,0,1
BRDA:11,0,1,0
BRDA:12,1,0,1
BRDA:12,1,1,0
BRDA:13,2,0,1
BRDA:13,2,1,0
BRDA:14,3,0,1
BRDA:14,3,1,0
BRDA:28,4,0,0
BRDA:28,4,1,2
BRDA:31,5,0,0
BRDA:31,5,1,2
BRF:12
BRH:6
end_of_record
TN:
SF:src/contexts/keyboard/commands.js
FN:9,(anonymous_0)
FN:19,(anonymous_1)
FN:22,(anonymous_2)
FN:39,(anonymous_3)
FN:57,(anonymous_4)
FN:81,(anonymous_5)
FN:98,(anonymous_6)
FN:102,(anonymous_7)
FNF:8
FNH:1
FNDA:0,(anonymous_0)
FNDA:2,(anonymous_1)
FNDA:0,(anonymous_2)
FNDA:0,(anonymous_3)
FNDA:0,(anonymous_4)
FNDA:0,(anonymous_5)
FNDA:0,(anonymous_6)
FNDA:0,(anonymous_7)
DA:4,1
DA:9,1
DA:10,0
DA:11,0
DA:12,0
DA:19,1
DA:20,2
DA:22,2
DA:24,0
DA:25,0
DA:26,0
DA:27,0
DA:29,0
DA:32,0
DA:33,0
DA:34,0
DA:37,0
DA:39,2
DA:41,0
DA:42,0
DA:43,0
DA:44,0
DA:46,0
DA:49,0
DA:50,0
DA:51,0
DA:54,0
DA:57,2
DA:60,0
DA:61,0
DA:64,0
DA:65,0
DA:67,0
DA:71,0
DA:73,0
DA:74,0
DA:75,0
DA:77,0
DA:81,2
DA:82,0
DA:83,0
DA:84,0
DA:85,0
DA:86,0
DA:89,0
DA:90,0
DA:91,0
DA:92,0
DA:94,0
DA:96,0
DA:98,2
DA:99,0
DA:100,0
DA:102,2
DA:103,0
DA:104,0
LF:56
LH:10
BRDA:11,0,0,0
BRDA:11,0,1,0
BRDA:24,1,0,0
BRDA:24,1,1,0
BRDA:26,2,0,0
BRDA:26,2,1,0
BRDA:33,3,0,0
BRDA:33,3,1,0
BRDA:41,4,0,0
BRDA:41,4,1,0
BRDA:43,5,0,0
BRDA:43,5,1,0
BRDA:50,6,0,0
BRDA:50,6,1,0
BRDA:50,7,0,0
BRDA:50,7,1,0
BRDA:60,8,0,0
BRDA:60,8,1,0
BRDA:64,9,0,0
BRDA:64,9,1,0
BRDA:74,10,0,0
BRDA:74,10,1,0
BRDA:82,11,0,0
BRDA:82,11,1,0
BRDA:83,12,0,0
BRDA:83,12,1,0
BRDA:85,13,0,0
BRDA:85,13,1,0
BRDA:90,14,0,0
BRDA:90,14,1,0
BRDA:100,15,0,0
BRDA:100,15,1,0
BRDA:104,16,0,0
BRDA:104,16,1,0
BRF:34
BRH:0
end_of_record
TN:
SF:src/contexts/keyboard/defaultKeyboard.js
FNF:0
FNH:0
DA:1,1
DA:57,1
LF:2
LH:2
BRF:0
BRH:0
end_of_record
TN:
SF:src/contexts/mathfield/MathfieldContext.js
FN:5,(anonymous_0)
FN:7,(anonymous_1)
FN:10,(anonymous_2)
FNF:3
FNH:1
FNDA:0,(anonymous_0)
FNDA:0,(anonymous_1)
FNDA:2,(anonymous_2)
DA:3,1
DA:10,1
DA:11,2
DA:12,2
DA:13,2
DA:23,2
DA:32,2
LF:7
LH:7
BRF:0
BRH:0
end_of_record
TN:
SF:src/core/atom.js
FN:19,isNamedBranch
FN:31,(anonymous_1)
FN:49,(anonymous_2)
FN:79,(anonymous_3)
FN:91,(anonymous_4)
FN:122,(anonymous_5)
FN:122,(anonymous_6)
FN:133,(anonymous_7)
FN:152,(anonymous_8)
FN:156,(anonymous_9)
FN:160,(anonymous_10)
FN:165,(anonymous_11)
FN:179,(anonymous_12)
FN:193,(anonymous_13)
FN:209,(anonymous_14)
FN:225,(anonymous_15)
FN:229,(anonymous_16)
FN:233,(anonymous_17)
FN:237,(anonymous_18)
FN:241,(anonymous_19)
FN:245,(anonymous_20)
FN:249,(anonymous_21)
FN:262,(anonymous_22)
FN:285,(anonymous_23)
FN:293,(anonymous_24)
FN:303,(anonymous_25)
FN:312,(anonymous_26)
FN:321,(anonymous_27)
FN:334,(anonymous_28)
FN:349,(anonymous_29)
FN:363,(anonymous_30)
FN:370,(anonymous_31)
FN:374,(anonymous_32)
FN:379,(anonymous_33)
FN:383,(anonymous_34)
FN:387,(anonymous_35)
FN:391,(anonymous_36)
FN:397,(anonymous_37)
FN:403,(anonymous_38)
FN:407,(anonymous_39)
FN:412,(anonymous_40)
FN:424,(anonymous_41)
FN:445,(anonymous_42)
FN:461,serializeAtoms
FN:465,(anonymous_44)
FNF:45
FNH:20
FNDA:40,isNamedBranch
FNDA:128,(anonymous_1)
FNDA:0,(anonymous_2)
FNDA:0,(anonymous_3)
FNDA:47,(anonymous_4)
FNDA:26,(anonymous_5)
FNDA:26,(anonymous_6)
FNDA:2,(anonymous_7)
FNDA:8,(anonymous_8)
FNDA:2,(anonymous_9)
FNDA:2,(anonymous_10)
FNDA:0,(anonymous_11)
FNDA:20,(anonymous_12)
FNDA:0,(anonymous_13)
FNDA:0,(anonymous_14)
FNDA:63,(anonymous_15)
FNDA:12,(anonymous_16)
FNDA:5,(anonymous_17)
FNDA:4,(anonymous_18)
FNDA:5,(anonymous_19)
FNDA:4,(anonymous_20)
FNDA:20,(anonymous_21)
FNDA:20,(anonymous_22)
FNDA:0,(anonymous_23)
FNDA:0,(anonymous_24)
FNDA:0,(anonymous_25)
FNDA:0,(anonymous_26)
FNDA:0,(anonymous_27)
FNDA:0,(anonymous_28)
FNDA:0,(anonymous_29)
FNDA:0,(anonymous_30)
FNDA:0,(anonymous_31)
FNDA:0,(anonymous_32)
FNDA:0,(anonymous_33)
FNDA:0,(anonymous_34)
FNDA:0,(anonymous_35)
FNDA:0,(anonymous_36)
FNDA:0,(anonymous_37)
FNDA:0,(anonymous_38)
FNDA:0,(anonymous_39)
FNDA:0,(anonymous_40)
FNDA:0,(anonymous_41)
FNDA:0,(anonymous_42)
FNDA:12,serializeAtoms
FNDA:52,(anonymous_44)
DA:10,1
DA:20,40
DA:32,128
DA:33,128
DA:34,128
DA:35,10
DA:37,128
DA:38,128
DA:39,128
DA:40,128
DA:41,0
DA:42,0
DA:50,0
DA:51,0
DA:54,0
DA:55,0
DA:58,0
DA:59,0
DA:62,0
DA:63,0
DA:68,0
DA:69,0
DA:72,0
DA:73,0
DA:76,0
DA:80,0
DA:82,0
DA:83,0
DA:84,0
DA:88,0
DA:92,47
DA:94,47
DA:95,40
DA:97,47
DA:98,6
DA:100,47
DA:101,42
DA:104,47
DA:105,0
DA:108,47
DA:109,0
DA:112,47
DA:113,0
DA:115,47
DA:116,1
DA:119,47
DA:120,5
DA:121,6
DA:122,26
DA:127,47
DA:134,2
DA:136,2
DA:137,2
DA:140,0
DA:142,0
DA:145,0
DA:146,0
DA:149,0
DA:153,8
DA:157,2
DA:161,2
DA:166,0
DA:167,0
DA:168,0
DA:169,0
DA:170,0
DA:173,0
DA:180,20
DA:181,0
DA:183,20
DA:184,4
DA:186,16
DA:194,0
DA:195,0
DA:197,0
DA:198,0
DA:199,0
DA:200,0
DA:203,0
DA:210,0
DA:211,0
DA:212,0
DA:214,0
DA:215,0
DA:218,0
DA:219,0
DA:222,0
DA:226,63
DA:230,12
DA:234,5
DA:238,4
DA:242,5
DA:246,4
DA:250,20
DA:251,20
DA:252,20
DA:254,0
DA:255,0
DA:263,20
DA:264,0
DA:266,20
DA:267,0
DA:271,20
DA:272,20
DA:273,4
DA:275,16
DA:279,20
DA:280,79
DA:281,79
DA:286,0
DA:289,0
DA:290,0
DA:294,0
DA:295,0
DA:296,0
DA:299,0
DA:300,0
DA:304,0
DA:305,0
DA:308,0
DA:309,0
DA:313,0
DA:314,0
DA:322,0
DA:323,0
DA:324,0
DA:327,0
DA:328,0
DA:329,0
DA:331,0
DA:335,0
DA:336,0
DA:337,0
DA:339,0
DA:340,0
DA:342,0
DA:343,0
DA:344,0
DA:346,0
DA:350,0
DA:353,0
DA:354,0
DA:355,0
DA:356,0
DA:359,0
DA:360,0
DA:364,0
DA:365,0
DA:367,0
DA:371,0
DA:375,0
DA:376,0
DA:380,0
DA:384,0
DA:388,0
DA:392,0
DA:393,0
DA:394,0
DA:398,0
DA:399,0
DA:400,0
DA:404,0
DA:408,0
DA:409,0
DA:413,0
DA:414,0
DA:415,0
DA:425,0
DA:426,0
DA:428,0
DA:429,0
DA:431,0
DA:432,0
DA:433,0
DA:434,0
DA:435,0
DA:436,0
DA:441,0
DA:442,0
DA:446,0
DA:447,0
DA:462,12
DA:463,0
DA:465,52
LF:184
LH:57
BRDA:20,0,0,40
BRDA:20,0,1,40
BRDA:34,1,0,10
BRDA:34,1,1,118
BRDA:37,2,0,128
BRDA:37,2,1,4
BRDA:37,2,2,4
BRDA:38,3,0,128
BRDA:38,3,1,10
BRDA:39,4,0,128
BRDA:39,4,1,128
BRDA:40,5,0,0
BRDA:40,5,1,128
BRDA:50,6,0,0
BRDA:50,6,1,0
BRDA:54,7,0,0
BRDA:54,7,1,0
BRDA:54,8,0,0
BRDA:54,8,1,0
BRDA:58,9,0,0
BRDA:58,9,1,0
BRDA:62,10,0,0
BRDA:62,10,1,0
BRDA:68,11,0,0
BRDA:68,11,1,0
BRDA:72,12,0,0
BRDA:72,12,1,0
BRDA:72,13,0,0
BRDA:72,13,1,0
BRDA:83,14,0,0
BRDA:83,14,1,0
BRDA:94,15,0,40
BRDA:94,15,1,7
BRDA:97,16,0,6
BRDA:97,16,1,41
BRDA:97,17,0,47
BRDA:97,17,1,46
BRDA:100,18,0,42
BRDA:100,18,1,5
BRDA:104,19,0,0
BRDA:104,19,1,47
BRDA:104,20,0,47
BRDA:104,20,1,0
BRDA:108,21,0,0
BRDA:108,21,1,47
BRDA:112,22,0,0
BRDA:112,22,1,47
BRDA:115,23,0,1
BRDA:115,23,1,46
BRDA:119,24,0,5
BRDA:119,24,1,42
BRDA:121,25,0,6
BRDA:121,25,1,0
BRDA:134,26,0,2
BRDA:134,26,1,0
BRDA:134,27,0,2
BRDA:134,27,1,2
BRDA:136,28,0,2
BRDA:136,28,1,0
BRDA:140,29,0,0
BRDA:140,29,1,0
BRDA:145,30,0,0
BRDA:145,30,1,0
BRDA:180,31,0,0
BRDA:180,31,1,20
BRDA:183,32,0,4
BRDA:183,32,1,16
BRDA:194,33,0,0
BRDA:194,33,1,0
BRDA:199,34,0,0
BRDA:199,34,1,0
BRDA:211,35,0,0
BRDA:211,35,1,0
BRDA:214,36,0,0
BRDA:214,36,1,0
BRDA:218,37,0,0
BRDA:218,37,1,0
BRDA:251,38,0,20
BRDA:251,38,1,0
BRDA:263,39,0,0
BRDA:263,39,1,20
BRDA:266,40,0,0
BRDA:266,40,1,20
BRDA:272,41,0,4
BRDA:272,41,1,16
BRDA:312,42,0,0
BRDA:336,43,0,0
BRDA:336,43,1,0
BRDA:339,44,0,0
BRDA:339,44,1,0
BRDA:364,45,0,0
BRDA:364,45,1,0
BRDA:404,46,0,0
BRDA:404,46,1,0
BRDA:425,47,0,0
BRDA:425,47,1,0
BRDA:428,48,0,0
BRDA:428,48,1,0
BRDA:433,49,0,0
BRDA:433,49,1,0
BRDA:462,50,0,0
BRDA:462,50,1,12
BRDA:462,51,0,12
BRDA:462,51,1,12
BRF:104
BRH:44
end_of_record
TN:
SF:src/core/context-utils.js
FN:4,defaultGlobalContext
FN:14,defaultGetDefinition
FNF:2
FNH:2
FNDA:23,defaultGlobalContext
FNDA:12,defaultGetDefinition
DA:5,23
DA:11,23
DA:15,12
DA:16,0
DA:20,12
DA:22,12
DA:24,12
DA:25,12
DA:26,12
DA:29,0
DA:31,0
DA:38,0
LF:12
LH:8
BRDA:15,0,0,0
BRDA:15,0,1,12
BRDA:15,1,0,12
BRDA:15,1,1,12
BRDA:22,2,0,12
BRDA:22,2,1,0
BRDA:25,3,0,12
BRDA:25,3,1,0
BRDA:38,4,0,0
BRDA:38,4,1,0
BRF:10
BRH:5
end_of_record
TN:
SF:src/core/parser.js
FN:9,isLiteral
FN:39,(anonymous_1)
FN:53,(anonymous_2)
FN:56,(anonymous_3)
FN:65,(anonymous_4)
FN:74,(anonymous_5)
FN:78,(anonymous_6)
FN:86,(anonymous_7)
FN:90,(anonymous_8)
FN:97,(anonymous_9)
FN:106,(anonymous_10)
FN:112,(anonymous_11)
FN:119,(anonymous_12)
FN:131,(anonymous_13)
FN:142,(anonymous_14)
FN:150,(anonymous_15)
FN:161,(anonymous_16)
FN:183,(anonymous_17)
FN:212,(anonymous_18)
FN:242,(anonymous_19)
FN:288,(anonymous_20)
FN:294,(anonymous_21)
FN:315,(anonymous_22)
FN:339,(anonymous_23)
FN:344,(anonymous_24)
FN:359,(anonymous_25)
FN:387,(anonymous_26)
FN:448,(anonymous_27)
FN:496,(anonymous_28)
FN:546,(anonymous_29)
FN:559,(anonymous_30)
FN:566,(anonymous_31)
FN:577,parseLatex
FN:595,validateLatex
FNF:34
FNH:28
FNDA:124,isLiteral
FNDA:23,(anonymous_1)
FNDA:394,(anonymous_2)
FNDA:0,(anonymous_3)
FNDA:66,(anonymous_4)
FNDA:66,(anonymous_5)
FNDA:0,(anonymous_6)
FNDA:248,(anonymous_7)
FNDA:80,(anonymous_8)
FNDA:271,(anonymous_9)
FNDA:196,(anonymous_10)
FNDA:226,(anonymous_11)
FNDA:234,(anonymous_12)
FNDA:0,(anonymous_13)
FNDA:28,(anonymous_14)
FNDA:10,(anonymous_15)
FNDA:26,(anonymous_16)
FNDA:0,(anonymous_17)
FNDA:10,(anonymous_18)
FNDA:2,(anonymous_19)
FNDA:40,(anonymous_20)
FNDA:130,(anonymous_21)
FNDA:126,(anonymous_22)
FNDA:126,(anonymous_23)
FNDA:14,(anonymous_24)
FNDA:124,(anonymous_25)
FNDA:22,(anonymous_26)
FNDA:12,(anonymous_27)
FNDA:26,(anonymous_28)
FNDA:2,(anonymous_29)
FNDA:0,(anonymous_30)
FNDA:68,(anonymous_31)
FNDA:23,parseLatex
FNDA:0,validateLatex
DA:10,124
DA:19,23
DA:22,23
DA:25,23
DA:34,23
DA:40,23
DA:41,23
DA:42,23
DA:43,23
DA:44,23
DA:54,394
DA:57,0
DA:58,0
DA:59,0
DA:61,0
DA:66,66
DA:70,66
DA:75,66
DA:79,0
DA:87,248
DA:91,80
DA:101,271
DA:102,271
DA:107,196
DA:108,196
DA:113,226
DA:120,234
DA:121,24
DA:122,24
DA:124,210
DA:132,0
DA:133,0
DA:134,0
DA:139,0
DA:143,28
DA:144,28
DA:145,0
DA:147,28
DA:151,10
DA:152,10
DA:153,0
DA:156,10
DA:157,10
DA:162,26
DA:163,26
DA:164,26
DA:165,26
DA:184,0
DA:185,0
DA:186,0
DA:187,0
DA:188,0
DA:189,0
DA:190,0
DA:191,0
DA:193,0
DA:197,0
DA:198,0
DA:199,0
DA:202,0
DA:213,10
DA:214,10
DA:215,10
DA:216,0
DA:218,10
DA:220,10
DA:221,0
DA:224,10
DA:225,0
DA:226,10
DA:230,0
DA:231,0
DA:234,10
DA:239,10
DA:243,2
DA:244,2
DA:245,46
DA:246,0
DA:248,46
DA:250,46
DA:251,0
DA:254,46
DA:255,42
DA:256,4
DA:260,0
DA:261,0
DA:264,4
DA:265,2
DA:266,2
DA:267,2
DA:268,2
DA:269,2
DA:270,2
DA:275,2
DA:290,40
DA:293,40
DA:294,130
DA:297,40
DA:298,40
DA:299,40
DA:300,126
DA:302,40
DA:303,40
DA:306,40
DA:308,40
DA:316,126
DA:317,126
DA:318,124
DA:322,126
DA:323,56
DA:324,70
DA:325,70
DA:328,126
DA:340,126
DA:341,124
DA:343,2
DA:344,14
DA:352,2
DA:353,0
DA:356,2
DA:360,124
DA:361,124
DA:362,0
DA:364,124
DA:365,34
DA:368,90
DA:369,22
DA:371,68
DA:372,68
DA:374,0
DA:375,0
DA:377,0
DA:384,0
DA:388,22
DA:389,10
DA:396,12
DA:398,12
DA:400,12
DA:402,0
DA:403,0
DA:406,12
DA:407,0
DA:425,12
DA:427,12
DA:428,0
DA:432,12
DA:433,12
DA:434,12
DA:435,0
DA:438,0
DA:445,12
DA:449,12
DA:450,0
DA:453,12
DA:454,12
DA:456,12
DA:457,18
DA:459,18
DA:460,2
DA:461,16
DA:465,0
DA:467,16
DA:468,16
DA:469,16
DA:472,0
DA:473,0
DA:475,0
DA:476,0
DA:479,0
DA:480,0
DA:484,18
DA:486,12
DA:497,26
DA:498,26
DA:499,16
DA:501,26
DA:507,26
DA:508,26
DA:509,0
DA:511,0
DA:512,0
DA:513,0
DA:514,0
DA:518,26
DA:519,26
DA:522,26
DA:523,16
DA:524,16
DA:525,16
DA:528,10
DA:529,10
DA:530,10
DA:533,10
DA:534,10
DA:537,10
DA:538,0
DA:539,0
DA:542,26
DA:543,26
DA:544,26
DA:547,2
DA:548,2
DA:549,0
DA:551,2
DA:552,2
DA:553,2
DA:554,0
DA:555,2
DA:556,2
DA:557,0
DA:558,0
DA:559,0
DA:560,0
DA:564,2
DA:567,68
DA:568,68
DA:581,23
DA:582,23
DA:583,23
DA:587,23
DA:588,23
DA:589,22
DA:592,23
DA:596,0
DA:600,0
DA:601,0
DA:603,0
LF:227
LH:157
BRDA:43,0,0,23
BRDA:43,0,1,22
BRDA:102,1,0,271
BRDA:102,1,1,226
BRDA:108,2,0,196
BRDA:108,2,1,0
BRDA:120,3,0,24
BRDA:120,3,1,210
BRDA:133,4,0,0
BRDA:133,4,1,0
BRDA:152,5,0,10
BRDA:152,5,1,10
BRDA:156,6,0,10
BRDA:156,6,1,0
BRDA:189,7,0,0
BRDA:189,7,1,0
BRDA:191,8,0,0
BRDA:191,8,1,0
BRDA:198,9,0,0
BRDA:198,9,1,0
BRDA:215,10,0,0
BRDA:215,10,1,10
BRDA:220,11,0,0
BRDA:220,11,1,10
BRDA:224,12,0,0
BRDA:224,12,1,10
BRDA:226,13,0,0
BRDA:226,13,1,10
BRDA:245,14,0,0
BRDA:245,14,1,46
BRDA:250,15,0,0
BRDA:250,15,1,46
BRDA:254,16,0,42
BRDA:254,16,1,4
BRDA:256,17,0,0
BRDA:256,17,1,4
BRDA:264,18,0,2
BRDA:264,18,1,2
BRDA:267,19,0,2
BRDA:267,19,1,0
BRDA:293,20,0,38
BRDA:293,20,1,2
BRDA:299,21,0,166
BRDA:299,21,1,144
BRDA:317,22,0,124
BRDA:317,22,1,2
BRDA:322,23,0,56
BRDA:322,23,1,70
BRDA:324,24,0,70
BRDA:324,24,1,0
BRDA:340,25,0,124
BRDA:340,25,1,2
BRDA:352,26,0,0
BRDA:352,26,1,2
BRDA:361,27,0,0
BRDA:361,27,1,124
BRDA:364,28,0,34
BRDA:364,28,1,90
BRDA:368,29,0,22
BRDA:368,29,1,68
BRDA:371,30,0,68
BRDA:371,30,1,0
BRDA:374,31,0,0
BRDA:374,31,1,0
BRDA:388,32,0,10
BRDA:388,32,1,12
BRDA:391,33,0,10
BRDA:391,33,1,0
BRDA:400,34,0,0
BRDA:400,34,1,12
BRDA:406,35,0,0
BRDA:406,35,1,12
BRDA:407,36,0,0
BRDA:407,36,1,0
BRDA:427,37,0,0
BRDA:427,37,1,12
BRDA:432,38,0,12
BRDA:432,38,1,0
BRDA:434,39,0,0
BRDA:434,39,1,12
BRDA:435,40,0,0
BRDA:435,40,1,0
BRDA:439,41,0,0
BRDA:439,41,1,0
BRDA:445,42,0,12
BRDA:445,42,1,0
BRDA:449,43,0,0
BRDA:449,43,1,12
BRDA:449,44,0,12
BRDA:449,44,1,12
BRDA:459,45,0,2
BRDA:459,45,1,16
BRDA:461,46,0,0
BRDA:461,46,1,16
BRDA:468,47,0,16
BRDA:468,47,1,0
BRDA:473,48,0,0
BRDA:473,48,1,0
BRDA:473,48,2,0
BRDA:498,49,0,16
BRDA:498,49,1,10
BRDA:508,50,0,0
BRDA:508,50,1,26
BRDA:509,51,0,0
BRDA:509,51,1,0
BRDA:509,52,0,0
BRDA:509,52,1,0
BRDA:518,53,0,26
BRDA:518,53,1,0
BRDA:522,54,0,16
BRDA:522,54,1,10
BRDA:522,55,0,26
BRDA:522,55,1,26
BRDA:526,56,0,16
BRDA:526,56,1,0
BRDA:529,57,0,10
BRDA:529,57,1,0
BRDA:533,58,0,10
BRDA:533,58,1,0
BRDA:537,59,0,0
BRDA:537,59,1,10
BRDA:544,60,0,26
BRDA:544,60,1,16
BRDA:548,61,0,0
BRDA:548,61,1,2
BRDA:552,62,0,4
BRDA:552,62,1,4
BRDA:553,63,0,0
BRDA:553,63,1,2
BRDA:555,64,0,2
BRDA:555,64,1,0
BRDA:557,65,0,0
BRDA:557,65,1,0
BRDA:581,66,0,23
BRDA:581,66,1,22
BRF:135
BRH:77
end_of_record
TN:
SF:src/core/tokenizer.js
FN:10,(anonymous_0)
FN:19,(anonymous_1)
FN:26,(anonymous_2)
FN:33,(anonymous_3)
FN:40,(anonymous_4)
FN:58,(anonymous_5)
FN:172,expand
FN:229,tokenize
FN:255,joinLatex
FNF:9
FNH:9
FNDA:31,(anonymous_0)
FNDA:508,(anonymous_1)
FNDA:212,(anonymous_2)
FNDA:8,(anonymous_3)
FNDA:282,(anonymous_4)
FNDA:239,(anonymous_5)
FNDA:239,expand
FNDA:31,tokenize
FNDA:18,joinLatex
DA:11,31
DA:12,31
DA:13,31
DA:20,508
DA:27,212
DA:34,8
DA:44,282
DA:47,282
DA:48,56
DA:49,56
DA:52,226
DA:60,239
DA:61,1
DA:67,238
DA:82,34
DA:85,204
DA:87,0
DA:90,204
DA:92,204
DA:93,22
DA:95,22
DA:96,22
DA:99,22
DA:102,0
DA:103,0
DA:105,0
DA:109,22
DA:111,182
DA:113,30
DA:114,152
DA:116,30
DA:117,122
DA:118,0
DA:120,0
DA:127,0
DA:128,122
DA:135,8
DA:136,8
DA:137,8
DA:139,8
DA:142,8
DA:143,8
DA:144,8
DA:148,8
DA:149,8
DA:152,0
DA:154,114
DA:156,0
DA:158,0
DA:159,0
DA:163,0
DA:166,114
DA:173,239
DA:174,239
DA:175,239
DA:176,238
DA:178,0
DA:179,0
DA:180,0
DA:182,238
DA:183,0
DA:184,238
DA:188,0
DA:189,238
DA:191,0
DA:192,238
DA:194,0
DA:195,238
DA:197,0
DA:198,0
DA:199,0
DA:200,0
DA:201,0
DA:203,0
DA:204,0
DA:205,0
DA:206,0
DA:207,0
DA:208,0
DA:211,238
DA:213,8
DA:214,8
DA:216,230
DA:220,239
DA:231,31
DA:232,31
DA:233,31
DA:234,31
DA:235,0
DA:237,31
DA:240,31
DA:241,31
DA:242,31
DA:246,31
DA:247,31
DA:248,31
DA:249,239
DA:252,31
DA:256,18
DA:257,18
DA:258,18
DA:259,108
DA:262,108
DA:263,16
DA:266,108
DA:269,108
DA:270,0
DA:274,108
DA:278,18
LF:109
LH:77
BRDA:27,0,0,212
BRDA:27,0,1,0
BRDA:44,1,0,282
BRDA:44,1,1,0
BRDA:47,2,0,56
BRDA:47,2,1,226
BRDA:60,3,0,1
BRDA:60,3,1,238
BRDA:67,4,0,34
BRDA:67,4,1,204
BRDA:67,5,0,238
BRDA:67,5,1,238
BRDA:85,6,0,0
BRDA:85,6,1,204
BRDA:85,7,0,204
BRDA:85,7,1,0
BRDA:92,8,0,22
BRDA:92,8,1,182
BRDA:93,9,0,22
BRDA:93,9,1,0
BRDA:96,10,0,22
BRDA:96,10,1,0
BRDA:103,11,0,0
BRDA:103,11,1,0
BRDA:111,12,0,30
BRDA:111,12,1,152
BRDA:114,13,0,30
BRDA:114,13,1,122
BRDA:117,14,0,0
BRDA:117,14,1,122
BRDA:118,15,0,0
BRDA:118,15,1,0
BRDA:128,16,0,8
BRDA:128,16,1,114
BRDA:135,17,0,8
BRDA:135,17,1,0
BRDA:137,18,0,8
BRDA:137,18,1,0
BRDA:142,19,0,8
BRDA:142,19,1,0
BRDA:148,20,0,8
BRDA:148,20,1,0
BRDA:154,21,0,0
BRDA:154,21,1,114
BRDA:156,22,0,0
BRDA:156,22,1,0
BRDA:175,23,0,238
BRDA:175,23,1,1
BRDA:176,24,0,0
BRDA:176,24,1,238
BRDA:179,25,0,0
BRDA:179,25,1,0
BRDA:182,26,0,0
BRDA:182,26,1,238
BRDA:184,27,0,0
BRDA:184,27,1,238
BRDA:184,28,0,238
BRDA:184,28,1,238
BRDA:189,29,0,0
BRDA:189,29,1,238
BRDA:192,30,0,0
BRDA:192,30,1,238
BRDA:195,31,0,0
BRDA:195,31,1,238
BRDA:198,32,0,0
BRDA:198,32,1,0
BRDA:199,33,0,0
BRDA:199,33,1,0
BRDA:201,34,0,0
BRDA:201,34,1,0
BRDA:203,35,0,0
BRDA:203,35,1,0
BRDA:205,36,0,0
BRDA:205,36,1,0
BRDA:207,37,0,0
BRDA:207,37,1,0
BRDA:211,38,0,8
BRDA:211,38,1,230
BRDA:211,39,0,238
BRDA:211,39,1,124
BRDA:214,40,0,8
BRDA:214,40,1,6
BRDA:214,40,2,6
BRDA:234,41,0,0
BRDA:234,41,1,31
BRDA:241,42,0,31
BRDA:241,42,1,0
BRDA:259,43,0,108
BRDA:259,43,1,0
BRDA:262,44,0,16
BRDA:262,44,1,92
BRDA:269,45,0,0
BRDA:269,45,1,108
BRDA:274,46,0,2
BRDA:274,46,1,106
BRF:95
BRH:53
end_of_record
TN:
SF:src/core-atoms/error.js
FN:10,(anonymous_0)
FN:17,(anonymous_1)
FN:21,(anonymous_2)
FN:25,(anonymous_3)
FNF:4
FNH:0
FNDA:0,(anonymous_0)
FNDA:0,(anonymous_1)
FNDA:0,(anonymous_2)
FNDA:0,(anonymous_3)
DA:11,0
DA:14,0
DA:18,0
DA:22,0
DA:26,0
LF:5
LH:0
BRF:0
BRH:0
end_of_record
TN:
SF:src/core-atoms/genfrac.js
FN:19,(anonymous_0)
FN:29,(anonymous_1)
FN:33,(anonymous_2)
FN:38,(anonymous_3)
FN:42,(anonymous_4)
FN:47,(anonymous_5)
FN:52,(anonymous_6)
FN:58,(anonymous_7)
FNF:8
FNH:7
FNDA:4,(anonymous_0)
FNDA:0,(anonymous_1)
FNDA:1,(anonymous_2)
FNDA:2,(anonymous_3)
FNDA:2,(anonymous_4)
FNDA:2,(anonymous_5)
FNDA:4,(anonymous_6)
FNDA:7,(anonymous_7)
DA:20,4
DA:23,4
DA:24,4
DA:25,4
DA:26,4
DA:30,0
DA:34,1
DA:35,1
DA:39,2
DA:43,2
DA:47,1
DA:48,2
DA:49,2
DA:53,4
DA:59,7
DA:66,1
LF:16
LH:15
BRDA:25,0,0,4
BRDA:25,0,1,0
BRDA:50,1,0,2
BRDA:50,1,1,0
BRDA:56,2,0,2
BRDA:56,2,1,2
BRF:6
BRH:4
end_of_record
TN:
SF:src/core-atoms/group.js
FN:8,(anonymous_0)
FN:17,(anonymous_1)
FN:21,(anonymous_2)
FN:33,(anonymous_3)
FN:43,(anonymous_4)
FN:48,(anonymous_5)
FN:53,(anonymous_6)
FNF:7
FNH:6
FNDA:2,(anonymous_0)
FNDA:0,(anonymous_1)
FNDA:1,(anonymous_2)
FNDA:2,(anonymous_3)
FNDA:1,(anonymous_4)
FNDA:1,(anonymous_5)
FNDA:6,(anonymous_6)
DA:9,2
DA:12,2
DA:13,2
DA:14,2
DA:18,0
DA:22,1
DA:23,1
DA:24,1
DA:26,1
DA:27,1
DA:30,1
DA:34,2
DA:36,2
DA:37,2
DA:40,2
DA:44,1
DA:48,1
DA:49,1
DA:51,1
DA:53,6
DA:58,1
LF:21
LH:20
BRDA:23,0,0,1
BRDA:23,0,1,0
BRDA:26,1,0,1
BRDA:26,1,1,0
BRDA:36,2,0,2
BRDA:36,2,1,0
BRDA:52,3,0,1
BRDA:52,3,1,0
BRDA:53,4,0,1
BRDA:53,4,1,1
BRF:10
BRH:6
end_of_record
TN:
SF:src/core-atoms/phantom.js
FN:15,(anonymous_0)
FN:24,(anonymous_1)
FN:28,(anonymous_2)
FN:45,(anonymous_3)
FN:50,(anonymous_4)
FN:69,(anonymous_5)
FNF:6
FNH:5
FNDA:2,(anonymous_0)
FNDA:0,(anonymous_1)
FNDA:1,(anonymous_2)
FNDA:1,(anonymous_3)
FNDA:1,(anonymous_4)
FNDA:8,(anonymous_5)
DA:16,2
DA:17,2
DA:18,2
DA:19,2
DA:20,2
DA:21,2
DA:25,0
DA:29,1
DA:30,1
DA:31,0
DA:33,1
DA:34,0
DA:36,1
DA:37,0
DA:39,1
DA:40,0
DA:42,1
DA:46,1
DA:50,1
DA:51,1
DA:54,1
DA:67,1
DA:69,8
DA:74,1
LF:24
LH:19
BRDA:19,0,0,2
BRDA:19,0,1,2
BRDA:20,1,0,2
BRDA:20,1,1,2
BRDA:21,2,0,2
BRDA:21,2,1,2
BRDA:30,3,0,0
BRDA:30,3,1,1
BRDA:33,4,0,0
BRDA:33,4,1,1
BRDA:36,5,0,0
BRDA:36,5,1,1
BRDA:39,6,0,0
BRDA:39,6,1,1
BRDA:56,7,0,0
BRDA:56,7,1,1
BRDA:61,8,0,1
BRDA:61,8,1,0
BRDA:68,9,0,1
BRDA:68,9,1,0
BRDA:69,10,0,1
BRDA:69,10,1,1
BRF:22
BRH:15
end_of_record
TN:
SF:src/core-atoms/placeholder.js
FN:11,(anonymous_0)
FN:21,(anonymous_1)
FN:25,(anonymous_2)
FN:34,(anonymous_3)
FN:40,(anonymous_4)
FN:48,(anonymous_5)
FN:53,(anonymous_6)
FN:62,(anonymous_7)
FNF:8
FNH:5
FNDA:10,(anonymous_0)
FNDA:0,(anonymous_1)
FNDA:2,(anonymous_2)
FNDA:0,(anonymous_3)
FNDA:4,(anonymous_4)
FNDA:5,(anonymous_5)
FNDA:5,(anonymous_6)
FNDA:0,(anonymous_7)
DA:12,10
DA:13,10
DA:18,10
DA:22,0
DA:26,2
DA:27,2
DA:28,0
DA:30,2
DA:31,2
DA:33,2
DA:34,0
DA:37,2
DA:41,4
DA:42,4
DA:43,4
DA:45,4
DA:49,5
DA:53,1
DA:54,5
DA:55,5
DA:57,5
DA:63,0
DA:64,0
DA:71,1
LF:24
LH:19
BRDA:12,0,0,10
BRDA:12,0,1,10
BRDA:16,1,0,10
BRDA:16,1,1,10
BRDA:27,2,0,0
BRDA:27,2,1,2
BRDA:30,3,0,2
BRDA:30,3,1,0
BRDA:33,4,0,0
BRDA:33,4,1,2
BRDA:41,5,0,4
BRDA:41,5,1,0
BRDA:42,6,0,4
BRDA:42,6,1,0
BRDA:61,7,0,5
BRDA:61,7,1,0
BRDA:66,8,0,5
BRDA:66,8,1,3
BRF:18
BRH:12
end_of_record
TN:
SF:src/core-atoms/sqrt.js
FN:21,(anonymous_0)
FN:29,(anonymous_1)
FN:36,(anonymous_2)
FN:40,(anonymous_3)
FN:46,(anonymous_4)
FN:51,(anonymous_5)
FN:56,(anonymous_6)
FN:61,(anonymous_7)
FN:77,(anonymous_8)
FNF:9
FNH:7
FNDA:6,(anonymous_0)
FNDA:0,(anonymous_1)
FNDA:2,(anonymous_2)
FNDA:4,(anonymous_3)
FNDA:3,(anonymous_4)
FNDA:3,(anonymous_5)
FNDA:0,(anonymous_6)
FNDA:3,(anonymous_7)
FNDA:4,(anonymous_8)
DA:22,6
DA:26,6
DA:30,0
DA:37,2
DA:41,4
DA:42,4
DA:43,4
DA:47,3
DA:51,1
DA:52,3
DA:53,3
DA:55,3
DA:56,3
DA:57,0
DA:58,0
DA:61,3
DA:62,3
DA:63,3
DA:64,3
DA:73,3
DA:78,4
DA:85,1
LF:22
LH:19
BRDA:24,0,0,6
BRDA:24,0,1,6
BRDA:26,1,0,6
BRDA:26,1,1,0
BRDA:62,2,0,1
BRDA:62,2,1,2
BRDA:63,3,0,3
BRDA:63,3,1,2
BRDA:66,4,0,3
BRDA:66,4,1,0
BRDA:67,5,0,1
BRDA:67,5,1,2
BRDA:68,6,0,3
BRDA:68,6,1,0
BRDA:74,7,0,3
BRDA:74,7,1,1
BRF:16
BRH:13
end_of_record
TN:
SF:src/core-atoms/text.js
FN:11,(anonymous_0)
FN:19,(anonymous_1)
FN:23,(anonymous_2)
FN:27,(anonymous_3)
FN:31,(anonymous_4)
FN:36,(anonymous_5)
FN:43,(anonymous_6)
FNF:7
FNH:5
FNDA:102,(anonymous_0)
FNDA:0,(anonymous_1)
FNDA:40,(anonymous_2)
FNDA:80,(anonymous_3)
FNDA:40,(anonymous_4)
FNDA:40,(anonymous_5)
FNDA:0,(anonymous_6)
DA:12,102
DA:16,102
DA:20,0
DA:24,40
DA:28,80
DA:32,40
DA:36,1
DA:37,40
DA:38,40
DA:39,40
DA:44,0
DA:45,0
DA:52,1
LF:13
LH:10
BRDA:42,0,0,40
BRDA:42,0,1,0
BRDA:47,1,0,40
BRDA:47,1,1,0
BRF:4
BRH:2
end_of_record
TN:
SF:src/core-definitions/index.js
FNF:0
FNH:0
LF:0
LH:0
BRF:0
BRH:0
end_of_record
TN:
SF:src/core-definitions/definitions/functions.js
FN:7,(anonymous_0)
FN:15,(anonymous_1)
FNF:2
FNH:2
FNDA:6,(anonymous_0)
FNDA:4,(anonymous_1)
DA:6,1
DA:8,6
DA:14,1
DA:16,4
DA:17,4
DA:21,4
DA:22,4
DA:26,0
DA:27,0
DA:28,0
DA:29,0
DA:33,4
LF:12
LH:8
BRDA:17,0,0,0
BRDA:17,0,1,4
BRDA:17,0,2,4
BRDA:17,0,3,0
BRDA:17,0,4,0
BRDA:17,0,5,0
BRDA:17,0,6,0
BRF:7
BRH:2
end_of_record
TN:
SF:src/core-definitions/definitions/index.js
FNF:0
FNH:0
LF:0
LH:0
BRF:0
BRH:0
end_of_record
TN:
SF:src/core-definitions/definitions/styling.js
FN:8,(anonymous_0)
FN:20,(anonymous_1)
FN:35,(anonymous_2)
FN:51,(anonymous_3)
FNF:4
FNH:1
FNDA:2,(anonymous_0)
FNDA:0,(anonymous_1)
FNDA:0,(anonymous_2)
FNDA:0,(anonymous_3)
DA:7,1
DA:9,2
DA:19,1
DA:21,0
DA:34,1
DA:36,0
DA:50,1
DA:52,0
LF:8
LH:5
BRF:0
BRH:0
end_of_record
TN:
SF:src/core-definitions/definitions/symbols.js
FNF:0
FNH:0
DA:3,1
LF:1
LH:1
BRF:0
BRH:0
end_of_record
TN:
SF:src/core-definitions/utils/functions.js
FN:14,parseParameterTemplateArgument
FN:26,parseParameterTemplate
FN:69,defineFunction
FNF:3
FNH:3
FNDA:8,parseParameterTemplateArgument
FNDA:22,parseParameterTemplate
FNDA:6,defineFunction
DA:1,1
DA:15,8
DA:18,8
DA:19,8
DA:20,6
DA:23,8
DA:27,22
DA:28,14
DA:31,8
DA:32,8
DA:33,8
DA:35,1
DA:40,1
DA:41,2
DA:44,7
DA:45,7
DA:47,7
DA:52,7
DA:53,14
DA:58,8
DA:70,6
DA:71,0
DA:75,6
DA:83,6
DA:84,2
DA:86,4
DA:87,9
LF:27
LH:26
BRDA:19,0,0,6
BRDA:19,0,1,2
BRDA:27,1,0,14
BRDA:27,1,1,8
BRDA:33,2,0,1
BRDA:33,2,1,7
BRDA:45,3,0,7
BRDA:45,3,1,0
BRDA:70,4,0,0
BRDA:70,4,1,6
BRDA:79,5,0,6
BRDA:79,5,1,6
BRDA:83,6,0,2
BRDA:83,6,1,4
BRF:14
BRH:12
end_of_record
TN:
SF:src/core-definitions/utils/index.js
FNF:0
FNH:0
LF:0
LH:0
BRF:0
BRH:0
end_of_record
TN:
SF:src/core-definitions/utils/symbols.js
FN:10,newSymbol
FN:24,newSymbols
FNF:2
FNH:2
FNDA:18,newSymbol
FNDA:1,newSymbols
DA:1,1
DA:4,1
DA:11,18
DA:12,0
DA:14,18
DA:32,1
DA:33,18
LF:7
LH:6
BRDA:10,0,0,0
BRDA:11,1,0,0
BRDA:11,1,1,18
BRDA:33,2,0,18
BRDA:33,2,1,0
BRF:5
BRH:2
end_of_record
TN:
SF:src/editor/atom-to-ascii-math.js
FN:5,latexToAsciiMath
FN:65,atomToAsciiMath
FNF:2
FNH:2
FNDA:2,latexToAsciiMath
FNDA:35,atomToAsciiMath
DA:6,2
DA:7,2
DA:8,2
DA:9,2
DA:12,1
DA:66,35
DA:67,0
DA:72,35
DA:73,26
DA:74,8
DA:80,18
DA:81,18
DA:83,18
DA:84,0
DA:85,0
DA:86,0
DA:87,0
DA:89,18
DA:91,11
DA:92,11
DA:93,11
DA:94,40
DA:95,0
DA:96,0
DA:97,0
DA:99,40
DA:101,40
DA:103,11
DA:104,11
DA:105,11
DA:106,7
DA:107,7
DA:108,7
DA:109,7
DA:110,7
DA:111,7
DA:112,7
DA:114,7
DA:115,7
DA:116,7
DA:118,0
DA:121,18
DA:127,9
DA:128,0
DA:134,9
DA:135,9
DA:137,9
DA:139,9
DA:142,3
DA:143,0
DA:145,3
DA:146,3
DA:147,3
DA:149,3
DA:152,1
DA:153,1
DA:154,1
DA:155,1
DA:157,1
DA:161,1
DA:162,1
DA:163,0
DA:166,1
DA:167,1
DA:168,1
DA:169,1
DA:170,1
DA:172,1
DA:174,1
DA:175,0
DA:178,1
DA:181,2
DA:182,2
DA:183,0
DA:184,0
DA:185,0
DA:187,2
DA:188,2
DA:190,2
DA:193,0
DA:194,0
DA:198,9
DA:199,0
DA:200,0
DA:201,0
DA:202,0
DA:203,0
DA:206,9
DA:207,0
DA:208,0
DA:209,0
DA:210,0
DA:211,0
DA:214,9
LF:94
LH:66
BRDA:5,0,0,2
BRDA:66,1,0,0
BRDA:66,1,1,35
BRDA:72,2,0,26
BRDA:72,2,1,9
BRDA:73,3,0,8
BRDA:73,3,1,18
BRDA:83,4,0,0
BRDA:83,4,1,18
BRDA:89,5,0,11
BRDA:89,5,1,7
BRDA:94,6,0,0
BRDA:94,6,1,40
BRDA:106,7,0,7
BRDA:106,7,1,0
BRDA:108,8,0,14
BRDA:108,8,1,11
BRDA:127,9,0,0
BRDA:127,9,1,9
BRDA:139,10,0,1
BRDA:139,10,1,3
BRDA:139,10,2,1
BRDA:139,10,3,1
BRDA:139,10,4,2
BRDA:139,10,5,0
BRDA:142,11,0,0
BRDA:142,11,1,3
BRDA:154,12,0,1
BRDA:154,12,1,0
BRDA:162,13,0,0
BRDA:162,13,1,1
BRDA:162,14,0,1
BRDA:162,14,1,1
BRDA:163,15,0,0
BRDA:163,15,1,0
BRDA:163,16,0,0
BRDA:163,16,1,0
BRDA:169,17,0,1
BRDA:169,17,1,0
BRDA:174,18,0,0
BRDA:174,18,1,1
BRDA:174,19,0,1
BRDA:174,19,1,1
BRDA:175,20,0,0
BRDA:175,20,1,0
BRDA:175,21,0,0
BRDA:175,21,1,0
BRDA:182,22,0,0
BRDA:182,22,1,2
BRDA:198,23,0,0
BRDA:198,23,1,9
BRDA:202,24,0,0
BRDA:202,24,1,0
BRDA:206,25,0,0
BRDA:206,25,1,9
BRDA:210,26,0,0
BRDA:210,26,1,0
BRF:57
BRH:31
end_of_record
TN:
SF:src/editor/keyboard/index.native.js
FN:7,(anonymous_0)
FN:12,(anonymous_1)
FN:13,(anonymous_2)
FN:22,(anonymous_3)
FNF:4
FNH:2
FNDA:2,(anonymous_0)
FNDA:0,(anonymous_1)
FNDA:0,(anonymous_2)
FNDA:2,(anonymous_3)
DA:7,1
DA:8,2
DA:9,2
DA:11,2
DA:13,0
DA:22,1
DA:23,2
LF:7
LH:6
BRF:0
BRH:0
end_of_record
TN:
SF:src/editor/keyboard/keyboard.js
FN:8,(anonymous_0)
FN:11,(anonymous_1)
FN:28,(anonymous_2)
FNF:3
FNH:3
FNDA:1,(anonymous_0)
FNDA:1,(anonymous_1)
FNDA:1,(anonymous_2)
DA:8,1
DA:9,1
DA:10,1
DA:11,1
DA:12,1
DA:13,1
DA:14,1
DA:17,1
DA:28,1
DA:29,1
LF:10
LH:10
BRF:0
BRH:0
end_of_record
TN:
SF:src/editor/keyboard/labelsPanel.js
FN:6,(anonymous_0)
FN:10,(anonymous_1)
FN:12,(anonymous_2)
FN:24,(anonymous_3)
FN:31,(anonymous_4)
FN:46,(anonymous_5)
FNF:6
FNH:5
FNDA:1,(anonymous_0)
FNDA:1,(anonymous_1)
FNDA:1,(anonymous_2)
FNDA:1,(anonymous_3)
FNDA:0,(anonymous_4)
FNDA:2,(anonymous_5)
DA:6,1
DA:7,1
DA:8,1
DA:10,1
DA:11,1
DA:12,1
DA:13,1
DA:14,1
DA:15,1
DA:18,1
DA:21,1
DA:24,1
DA:25,1
DA:26,1
DA:28,1
DA:30,1
DA:31,0
DA:46,1
DA:47,2
LF:19
LH:18
BRDA:14,0,0,1
BRDA:14,0,1,0
BRDA:36,1,0,1
BRDA:36,1,1,0
BRF:4
BRH:2
end_of_record
TN:
SF:src/editor/keyboard/layer/index.js
FN:5,(anonymous_0)
FN:6,(anonymous_1)
FN:8,(anonymous_2)
FNF:3
FNH:3
FNDA:1,(anonymous_0)
FNDA:4,(anonymous_1)
FNDA:28,(anonymous_2)
DA:5,1
DA:6,1
DA:7,4
DA:9,28
DA:15,1
LF:5
LH:5
BRF:0
BRH:0
end_of_record
TN:
SF:src/editor/keyboard/layer/key.js
FN:9,(anonymous_0)
FN:20,(anonymous_1)
FN:28,(anonymous_2)
FN:33,(anonymous_3)
FN:38,(anonymous_4)
FN:51,(anonymous_5)
FN:57,(anonymous_6)
FN:64,(anonymous_7)
FN:65,(anonymous_8)
FN:67,(anonymous_9)
FN:72,(anonymous_10)
FN:77,(anonymous_11)
FN:98,(anonymous_12)
FN:99,(anonymous_13)
FN:107,(anonymous_14)
FNF:15
FNH:9
FNDA:28,(anonymous_0)
FNDA:7,(anonymous_1)
FNDA:21,(anonymous_2)
FNDA:19,(anonymous_3)
FNDA:20,(anonymous_4)
FNDA:21,(anonymous_5)
FNDA:2,(anonymous_6)
FNDA:21,(anonymous_7)
FNDA:0,(anonymous_8)
FNDA:0,(anonymous_9)
FNDA:0,(anonymous_10)
FNDA:0,(anonymous_11)
FNDA:0,(anonymous_12)
FNDA:0,(anonymous_13)
FNDA:28,(anonymous_14)
DA:9,1
DA:10,28
DA:13,28
DA:20,1
DA:21,7
DA:23,7
DA:24,7
DA:25,7
DA:28,1
DA:29,21
DA:30,21
DA:31,21
DA:33,21
DA:35,19
DA:38,21
DA:39,20
DA:48,20
DA:51,21
DA:52,21
DA:53,21
DA:54,3
DA:55,18
DA:56,2
DA:57,2
DA:59,16
DA:61,21
DA:64,21
DA:65,21
DA:66,21
DA:67,3
DA:68,0
DA:70,18
DA:71,2
DA:72,2
DA:73,0
DA:76,16
DA:77,16
DA:78,0
DA:81,21
DA:84,21
DA:85,21
DA:87,21
DA:98,0
DA:99,0
DA:107,1
DA:108,28
LF:46
LH:41
BRDA:13,0,0,7
BRDA:13,0,1,21
BRDA:13,1,0,28
BRDA:13,1,1,11
BRDA:52,2,0,21
BRDA:52,2,1,2
BRDA:53,3,0,3
BRDA:53,3,1,18
BRDA:54,4,0,3
BRDA:54,4,1,0
BRDA:55,5,0,2
BRDA:55,5,1,16
BRDA:66,6,0,3
BRDA:66,6,1,18
BRDA:70,7,0,2
BRDA:70,7,1,16
BRDA:76,8,0,16
BRDA:76,8,1,0
BRDA:95,9,0,0
BRDA:95,9,1,21
BRF:20
BRH:17
end_of_record
TN:
SF:src/editor/mathfield/index.js
FN:11,(anonymous_0)
FN:19,(anonymous_1)
FN:20,(anonymous_2)
FN:25,(anonymous_3)
FN:26,(anonymous_4)
FN:45,(anonymous_5)
FN:52,(anonymous_6)
FN:65,(anonymous_7)
FNF:8
FNH:7
FNDA:2,(anonymous_0)
FNDA:4,(anonymous_1)
FNDA:42,(anonymous_2)
FNDA:2,(anonymous_3)
FNDA:21,(anonymous_4)
FNDA:21,(anonymous_5)
FNDA:0,(anonymous_6)
FNDA:2,(anonymous_7)
DA:11,1
DA:12,2
DA:13,2
DA:14,2
DA:17,2
DA:19,2
DA:20,42
DA:21,4
DA:22,4
DA:25,2
DA:26,21
DA:27,2
DA:30,2
DA:33,2
DA:46,21
DA:52,0
DA:65,1
DA:66,2
LF:18
LH:17
BRDA:40,0,0,0
BRDA:40,0,1,2
BRDA:41,1,0,0
BRDA:41,1,1,2
BRDA:48,2,0,21
BRDA:48,2,1,1
BRF:6
BRH:4
end_of_record
TN:
SF:src/editor/mathfield/testDefaultValue.js
FN:20,(anonymous_0)
FN:23,(anonymous_1)
FN:30,(anonymous_2)
FNF:3
FNH:3
FNDA:2,(anonymous_0)
FNDA:1,(anonymous_1)
FNDA:2,(anonymous_2)
DA:6,1
DA:20,1
DA:21,2
DA:23,2
DA:24,1
DA:30,2
DA:33,1
DA:34,1
LF:8
LH:8
BRF:0
BRH:0
end_of_record
TN:
SF:src/styles/defaults.js
FNF:0
FNH:0
DA:1,1
DA:2,1
LF:2
LH:2
BRF:0
BRH:0
end_of_record
TN:
SF:src/styles/shadow.js
FN:5,makeShadow
FN:6,interpolate
FNF:2
FNH:2
FNDA:21,makeShadow
FNDA:21,interpolate
DA:7,21
DA:10,21
DA:12,21
LF:3
LH:3
BRDA:5,0,0,0
BRDA:10,1,0,21
BRDA:10,1,1,21
BRDA:10,1,2,0
BRDA:19,2,0,21
BRDA:19,2,1,0
BRDA:22,3,0,21
BRDA:22,3,1,0
BRF:8
BRH:4
end_of_record
